#
# There is insufficient memory for the Java Runtime Environment to continue.
# Native memory allocation (malloc) failed to allocate 2426416 bytes for Chunk::new
# Possible reasons:
#   The system is out of physical RAM or swap space
#   In 32 bit mode, the process size limit was hit
# Possible solutions:
#   Reduce memory load on the system
#   Increase physical memory or swap space
#   Check if swap backing store is full
#   Use 64 bit Java on a 64 bit OS
#   Decrease Java heap size (-Xmx/-Xms)
#   Decrease number of Java threads
#   Decrease Java thread stack sizes (-Xss)
#   Set larger code cache with -XX:ReservedCodeCacheSize=
# This output file may be truncated or incomplete.
#
#  Out of Memory Error (allocation.cpp:390), pid=12608, tid=0x0000000000004820
#
# JRE version: Java(TM) SE Runtime Environment (8.0_181-b13) (build 1.8.0_181-b13)
# Java VM: Java HotSpot(TM) 64-Bit Server VM (25.181-b13 mixed mode windows-amd64 compressed oops)
# Failed to write core dump. Minidumps are not enabled by default on client versions of Windows
#

---------------  T H R E A D  ---------------

Current thread (0x0000000013b08000):  JavaThread "C2 CompilerThread0" daemon [_thread_in_native, id=18464, stack(0x00000000154b0000,0x00000000155b0000)]

Stack: [0x00000000154b0000,0x00000000155b0000]
[error occurred during error reporting (printing stack bounds), id 0xc0000005]

Native frames: (J=compiled Java code, j=interpreted, Vv=VM code, C=native code)


Current CompileTask:
C2:  44854 20989       4       com.android.tools.r8.ir.regalloc.a::a (3992 bytes)


---------------  P R O C E S S  ---------------

Java Threads: ( => current thread )
  0x000000001a0e1800 JavaThread "ForkJoinPool.commonPool-worker-1" daemon [_thread_blocked, id=7256, stack(0x00000000284c0000,0x00000000285c0000)]
  0x000000001a0d5800 JavaThread "WorkerExecutor Queue Thread 4" [_thread_in_native, id=13160, stack(0x00000000289c0000,0x0000000028ac0000)]
  0x000000001a0d4800 JavaThread "WorkerExecutor Queue Thread 3" [_thread_blocked, id=15276, stack(0x00000000288c0000,0x00000000289c0000)]
  0x000000001a0d4000 JavaThread "WorkerExecutor Queue Thread 2" [_thread_blocked, id=11216, stack(0x00000000285c0000,0x00000000286c0000)]
  0x000000001a0d7000 JavaThread "WorkerExecutor Queue" [_thread_blocked, id=14332, stack(0x0000000028170000,0x0000000028270000)]
  0x000000001a0d8800 JavaThread "Cache worker for Java compile cache (D:\ReactNative\jymapp\android\.gradle\6.7\javaCompile)" [_thread_blocked, id=3168, stack(0x0000000027c70000,0x0000000027d70000)]
  0x000000001a0d3000 JavaThread "Cache worker for Java compile cache (C:\Users\Administrator\.gradle\caches\6.7\javaCompile)" [_thread_blocked, id=5264, stack(0x0000000027b70000,0x0000000027c70000)]
  0x0000000018224800 JavaThread "Cache worker for execution history cache (D:\ReactNative\jymapp\android\.gradle\6.7\executionHistory)" [_thread_blocked, id=16868, stack(0x0000000027470000,0x0000000027570000)]
  0x0000000018224000 JavaThread "Execution worker for ':' Thread 3" [_thread_blocked, id=1352, stack(0x0000000027370000,0x0000000027470000)]
  0x000000001822a000 JavaThread "Execution worker for ':' Thread 2" [_thread_blocked, id=13580, stack(0x0000000026f10000,0x0000000027010000)]
  0x0000000018226000 JavaThread "Execution worker for ':'" [_thread_blocked, id=14468, stack(0x0000000027270000,0x0000000027370000)]
  0x0000000018223000 JavaThread "Memory manager" [_thread_blocked, id=18520, stack(0x0000000024ac0000,0x0000000024bc0000)]
  0x0000000018225800 JavaThread "jar transforms Thread 92" [_thread_blocked, id=19084, stack(0x00000000243c0000,0x00000000244c0000)]
  0x0000000018227800 JavaThread "jar transforms Thread 91" [_thread_blocked, id=352, stack(0x00000000242c0000,0x00000000243c0000)]
  0x0000000018227000 JavaThread "jar transforms Thread 90" [_thread_blocked, id=14804, stack(0x00000000241c0000,0x00000000242c0000)]
  0x0000000018229000 JavaThread "jar transforms Thread 89" [_thread_blocked, id=18044, stack(0x00000000240c0000,0x00000000241c0000)]
  0x000000001821c800 JavaThread "jar transforms Thread 88" [_thread_blocked, id=15680, stack(0x0000000023fc0000,0x00000000240c0000)]
  0x0000000018222800 JavaThread "jar transforms Thread 87" [_thread_blocked, id=3524, stack(0x0000000023ec0000,0x0000000023fc0000)]
  0x000000001821d000 JavaThread "jar transforms Thread 86" [_thread_blocked, id=13280, stack(0x0000000023dc0000,0x0000000023ec0000)]
  0x0000000018221800 JavaThread "jar transforms Thread 85" [_thread_blocked, id=8544, stack(0x0000000023cc0000,0x0000000023dc0000)]
  0x0000000018220000 JavaThread "jar transforms Thread 84" [_thread_blocked, id=14464, stack(0x0000000023bc0000,0x0000000023cc0000)]
  0x0000000018221000 JavaThread "jar transforms Thread 83" [_thread_blocked, id=7120, stack(0x0000000023ac0000,0x0000000023bc0000)]
  0x000000001821f800 JavaThread "jar transforms Thread 82" [_thread_blocked, id=6636, stack(0x00000000239c0000,0x0000000023ac0000)]
  0x000000001821e800 JavaThread "jar transforms Thread 81" [_thread_blocked, id=2928, stack(0x00000000238c0000,0x00000000239c0000)]
  0x000000001821e000 JavaThread "jar transforms Thread 80" [_thread_blocked, id=7704, stack(0x00000000236c0000,0x00000000237c0000)]
  0x000000001821b800 JavaThread "jar transforms Thread 79" [_thread_blocked, id=15436, stack(0x00000000235c0000,0x00000000236c0000)]
  0x000000001821b000 JavaThread "jar transforms Thread 78" [_thread_blocked, id=13852, stack(0x00000000234c0000,0x00000000235c0000)]
  0x000000001609d800 JavaThread "jar transforms Thread 77" [_thread_blocked, id=18548, stack(0x00000000233c0000,0x00000000234c0000)]
  0x000000001609d000 JavaThread "jar transforms Thread 76" [_thread_blocked, id=13228, stack(0x00000000232c0000,0x00000000233c0000)]
  0x000000001609c000 JavaThread "jar transforms Thread 75" [_thread_blocked, id=2644, stack(0x00000000231c0000,0x00000000232c0000)]
  0x000000001609b800 JavaThread "jar transforms Thread 74" [_thread_blocked, id=18128, stack(0x00000000230c0000,0x00000000231c0000)]
  0x000000001609a000 JavaThread "jar transforms Thread 73" [_thread_blocked, id=15960, stack(0x0000000022fc0000,0x00000000230c0000)]
  0x0000000016099000 JavaThread "jar transforms Thread 72" [_thread_blocked, id=976, stack(0x0000000022ec0000,0x0000000022fc0000)]
  0x0000000016097800 JavaThread "jar transforms Thread 71" [_thread_blocked, id=13272, stack(0x0000000022dc0000,0x0000000022ec0000)]
  0x0000000016097000 JavaThread "jar transforms Thread 70" [_thread_blocked, id=8612, stack(0x0000000022cc0000,0x0000000022dc0000)]
  0x000000001609a800 JavaThread "jar transforms Thread 69" [_thread_blocked, id=18204, stack(0x0000000022bc0000,0x0000000022cc0000)]
  0x0000000016098800 JavaThread "jar transforms Thread 68" [_thread_blocked, id=12876, stack(0x0000000022ac0000,0x0000000022bc0000)]
  0x000000001608f800 JavaThread "jar transforms Thread 67" [_thread_blocked, id=12112, stack(0x00000000229c0000,0x0000000022ac0000)]
  0x0000000016096000 JavaThread "jar transforms Thread 66" [_thread_blocked, id=19216, stack(0x00000000228c0000,0x00000000229c0000)]
  0x000000001608e800 JavaThread "jar transforms Thread 65" [_thread_blocked, id=5388, stack(0x00000000227c0000,0x00000000228c0000)]
  0x0000000016094000 JavaThread "jar transforms Thread 64" [_thread_blocked, id=5412, stack(0x00000000226c0000,0x00000000227c0000)]
  0x0000000016093000 JavaThread "jar transforms Thread 63" [_thread_blocked, id=6348, stack(0x00000000225c0000,0x00000000226c0000)]
  0x0000000016095800 JavaThread "jar transforms Thread 62" [_thread_blocked, id=16656, stack(0x00000000224c0000,0x00000000225c0000)]
  0x0000000016091800 JavaThread "jar transforms Thread 61" [_thread_blocked, id=2404, stack(0x00000000223c0000,0x00000000224c0000)]
  0x0000000016090000 JavaThread "jar transforms Thread 60" [_thread_blocked, id=4104, stack(0x00000000222c0000,0x00000000223c0000)]
  0x0000000016094800 JavaThread "jar transforms Thread 59" [_thread_blocked, id=14828, stack(0x00000000221c0000,0x00000000222c0000)]
  0x0000000016091000 JavaThread "jar transforms Thread 58" [_thread_blocked, id=12080, stack(0x00000000220c0000,0x00000000221c0000)]
  0x0000000016092800 JavaThread "jar transforms Thread 57" [_thread_blocked, id=4840, stack(0x0000000021fc0000,0x00000000220c0000)]
  0x0000000019cf1000 JavaThread "jar transforms Thread 56" [_thread_blocked, id=15884, stack(0x0000000021ec0000,0x0000000021fc0000)]
  0x0000000019cef800 JavaThread "jar transforms Thread 55" [_thread_blocked, id=11332, stack(0x0000000021dc0000,0x0000000021ec0000)]
  0x0000000019cee800 JavaThread "jar transforms Thread 54" [_thread_blocked, id=10528, stack(0x0000000021cc0000,0x0000000021dc0000)]
  0x0000000019cee000 JavaThread "jar transforms Thread 53" [_thread_blocked, id=19172, stack(0x0000000021bc0000,0x0000000021cc0000)]
  0x0000000019cf1800 JavaThread "jar transforms Thread 52" [_thread_blocked, id=5516, stack(0x0000000021ac0000,0x0000000021bc0000)]
  0x0000000019ced000 JavaThread "jar transforms Thread 51" [_thread_blocked, id=1088, stack(0x00000000219c0000,0x0000000021ac0000)]
  0x0000000019cec800 JavaThread "jar transforms Thread 50" [_thread_blocked, id=1604, stack(0x00000000218c0000,0x00000000219c0000)]
  0x0000000019cf0000 JavaThread "jar transforms Thread 49" [_thread_blocked, id=468, stack(0x00000000217c0000,0x00000000218c0000)]
  0x0000000019ceb800 JavaThread "jar transforms Thread 48" [_thread_blocked, id=10152, stack(0x00000000216c0000,0x00000000217c0000)]
  0x0000000019ce4000 JavaThread "jar transforms Thread 47" [_thread_blocked, id=14856, stack(0x00000000215c0000,0x00000000216c0000)]
  0x0000000019ceb000 JavaThread "jar transforms Thread 46" [_thread_blocked, id=18648, stack(0x00000000214c0000,0x00000000215c0000)]
  0x0000000019ce3800 JavaThread "jar transforms Thread 45" [_thread_blocked, id=16752, stack(0x00000000213c0000,0x00000000214c0000)]
  0x0000000019cea000 JavaThread "jar transforms Thread 44" [_thread_blocked, id=2148, stack(0x00000000212c0000,0x00000000213c0000)]
  0x0000000019ce2800 JavaThread "jar transforms Thread 43" [_thread_blocked, id=2576, stack(0x00000000211c0000,0x00000000212c0000)]
  0x0000000019ce7000 JavaThread "jar transforms Thread 42" [_thread_blocked, id=16084, stack(0x00000000210c0000,0x00000000211c0000)]
  0x0000000019ce9800 JavaThread "jar transforms Thread 41" [_thread_blocked, id=8396, stack(0x0000000020fc0000,0x00000000210c0000)]
  0x0000000019ce8000 JavaThread "jar transforms Thread 40" [_thread_blocked, id=1816, stack(0x0000000020ec0000,0x0000000020fc0000)]
  0x0000000019ce5800 JavaThread "jar transforms Thread 39" [_thread_blocked, id=12988, stack(0x0000000020dc0000,0x0000000020ec0000)]
  0x0000000019ce8800 JavaThread "jar transforms Thread 38" [_thread_blocked, id=10060, stack(0x0000000020cc0000,0x0000000020dc0000)]
  0x0000000019ce6800 JavaThread "jar transforms Thread 37" [_thread_blocked, id=19356, stack(0x0000000020bc0000,0x0000000020cc0000)]
  0x0000000019ce5000 JavaThread "jar transforms Thread 36" [_thread_blocked, id=8524, stack(0x0000000020ac0000,0x0000000020bc0000)]
  0x0000000015f92000 JavaThread "jar transforms Thread 35" [_thread_blocked, id=9612, stack(0x00000000209c0000,0x0000000020ac0000)]
  0x0000000015f90800 JavaThread "jar transforms Thread 34" [_thread_blocked, id=14596, stack(0x00000000208c0000,0x00000000209c0000)]
  0x0000000015f90000 JavaThread "jar transforms Thread 33" [_thread_blocked, id=3620, stack(0x00000000207c0000,0x00000000208c0000)]
  0x0000000015f8f000 JavaThread "jar transforms Thread 32" [_thread_blocked, id=7464, stack(0x00000000206c0000,0x00000000207c0000)]
  0x0000000015f8e000 JavaThread "jar transforms Thread 31" [_thread_blocked, id=12320, stack(0x00000000205c0000,0x00000000206c0000)]
  0x0000000015f91800 JavaThread "jar transforms Thread 30" [_thread_blocked, id=17820, stack(0x00000000204c0000,0x00000000205c0000)]
  0x0000000015f8d800 JavaThread "jar transforms Thread 29" [_thread_blocked, id=4780, stack(0x00000000203c0000,0x00000000204c0000)]
  0x0000000015f8c800 JavaThread "jar transforms Thread 28" [_thread_blocked, id=13808, stack(0x00000000202c0000,0x00000000203c0000)]
  0x0000000015f85000 JavaThread "jar transforms Thread 27" [_thread_blocked, id=10364, stack(0x00000000201c0000,0x00000000202c0000)]
  0x0000000015f8c000 JavaThread "jar transforms Thread 26" [_thread_blocked, id=18584, stack(0x00000000200c0000,0x00000000201c0000)]
  0x0000000015f8b000 JavaThread "jar transforms Thread 25" [_thread_blocked, id=13536, stack(0x000000001ffc0000,0x00000000200c0000)]
  0x0000000015f83800 JavaThread "jar transforms Thread 24" [_thread_blocked, id=3012, stack(0x000000001fec0000,0x000000001ffc0000)]
  0x0000000015f8a800 JavaThread "jar transforms Thread 23" [_thread_blocked, id=3800, stack(0x000000001fdc0000,0x000000001fec0000)]
  0x0000000015f88000 JavaThread "jar transforms Thread 22" [_thread_blocked, id=8260, stack(0x000000001fcc0000,0x000000001fdc0000)]
  0x0000000015f86800 JavaThread "jar transforms Thread 21" [_thread_blocked, id=12384, stack(0x000000001fbc0000,0x000000001fcc0000)]
  0x0000000015f84800 JavaThread "jar transforms Thread 20" [_thread_blocked, id=13216, stack(0x000000001fac0000,0x000000001fbc0000)]
  0x0000000015f89000 JavaThread "jar transforms Thread 19" [_thread_blocked, id=7860, stack(0x000000001f9c0000,0x000000001fac0000)]
  0x0000000015f83000 JavaThread "jar transforms Thread 18" [_thread_blocked, id=14416, stack(0x000000001f8c0000,0x000000001f9c0000)]
  0x0000000015f87800 JavaThread "jar transforms Thread 17" [_thread_blocked, id=16924, stack(0x000000001f7c0000,0x000000001f8c0000)]
  0x0000000015f86000 JavaThread "jar transforms Thread 16" [_thread_blocked, id=3888, stack(0x000000001f6c0000,0x000000001f7c0000)]
  0x0000000015f89800 JavaThread "jar transforms Thread 15" [_thread_blocked, id=1508, stack(0x000000001f5c0000,0x000000001f6c0000)]
  0x0000000017af3800 JavaThread "jar transforms Thread 14" [_thread_blocked, id=6988, stack(0x000000001f4c0000,0x000000001f5c0000)]
  0x0000000017aec000 JavaThread "jar transforms Thread 13" [_thread_blocked, id=15480, stack(0x000000001f3c0000,0x000000001f4c0000)]
  0x0000000017af2800 JavaThread "jar transforms Thread 12" [_thread_blocked, id=6960, stack(0x000000001f2c0000,0x000000001f3c0000)]
  0x0000000017aeb000 JavaThread "jar transforms Thread 11" [_thread_blocked, id=10552, stack(0x000000001f1c0000,0x000000001f2c0000)]
  0x0000000017af2000 JavaThread "jar transforms Thread 10" [_thread_blocked, id=13648, stack(0x000000001f0c0000,0x000000001f1c0000)]
  0x0000000017aef000 JavaThread "jar transforms Thread 9" [_thread_blocked, id=16192, stack(0x000000001efc0000,0x000000001f0c0000)]
  0x0000000017af0800 JavaThread "jar transforms Thread 8" [_thread_blocked, id=12148, stack(0x000000001eec0000,0x000000001efc0000)]
  0x0000000017aef800 JavaThread "jar transforms Thread 7" [_thread_blocked, id=11044, stack(0x000000001edc0000,0x000000001eec0000)]
  0x0000000017af1000 JavaThread "jar transforms Thread 6" [_thread_blocked, id=16892, stack(0x000000001ecc0000,0x000000001edc0000)]
  0x0000000017ae9800 JavaThread "jar transforms Thread 5" [_thread_blocked, id=12316, stack(0x000000001ebc0000,0x000000001ecc0000)]
  0x0000000017aee000 JavaThread "jar transforms Thread 4" [_thread_blocked, id=15820, stack(0x000000001eac0000,0x000000001ebc0000)]
  0x0000000017ae6800 JavaThread "jar transforms Thread 3" [_thread_blocked, id=18772, stack(0x000000001e9c0000,0x000000001eac0000)]
  0x0000000017aed800 JavaThread "jar transforms Thread 2" [_thread_blocked, id=2304, stack(0x000000001e8c0000,0x000000001e9c0000)]
  0x0000000017ae7800 JavaThread "Build operations Thread 4" [_thread_blocked, id=11600, stack(0x000000001e7c0000,0x000000001e8c0000)]
  0x0000000017ae6000 JavaThread "Build operations Thread 3" [_thread_blocked, id=11492, stack(0x000000001e6c0000,0x000000001e7c0000)]
  0x0000000017aec800 JavaThread "Build operations Thread 2" [_thread_blocked, id=11984, stack(0x000000001e5c0000,0x000000001e6c0000)]
  0x0000000017ae5000 JavaThread "Build operations" [_thread_blocked, id=7580, stack(0x000000001e4c0000,0x000000001e5c0000)]
  0x0000000017aea800 JavaThread "Cache worker for Build Output Cleanup Cache (D:\ReactNative\jymapp\android\.gradle\buildOutputCleanup)" [_thread_blocked, id=18020, stack(0x000000001e1c0000,0x000000001e2c0000)]
  0x0000000017ae8000 JavaThread "Cache worker for file content cache (C:\Users\Administrator\.gradle\caches\6.7\fileContent)" [_thread_blocked, id=10868, stack(0x000000001dac0000,0x000000001dbc0000)]
  0x00000000177bb800 JavaThread "jar transforms" [_thread_blocked, id=8016, stack(0x000000001d9c0000,0x000000001dac0000)]
  0x00000000177ba000 JavaThread "Cache worker for execution history cache (C:\Users\Administrator\.gradle\caches\6.7\executionHistory)" [_thread_blocked, id=17900, stack(0x000000001d2c0000,0x000000001d3c0000)]
  0x00000000177b9000 JavaThread "Cache worker for cache directory md-rule (C:\Users\Administrator\.gradle\caches\6.7\md-rule)" [_thread_blocked, id=16684, stack(0x000000001d1c0000,0x000000001d2c0000)]
  0x00000000177b8800 JavaThread "Cache worker for cache directory md-supplier (C:\Users\Administrator\.gradle\caches\6.7\md-supplier)" [_thread_blocked, id=5608, stack(0x000000001bca0000,0x000000001bda0000)]
  0x00000000177b7800 JavaThread "Cache worker for checksums cache (D:\ReactNative\jymapp\android\.gradle\checksums)" [_thread_blocked, id=8712, stack(0x000000001bba0000,0x000000001bca0000)]
  0x00000000177bd800 JavaThread "Cache worker for file hash cache (D:\ReactNative\jymapp\android\.gradle\6.7\fileHashes)" [_thread_blocked, id=5036, stack(0x000000001d0c0000,0x000000001d1c0000)]
  0x00000000177b7000 JavaThread "Cache worker for journal cache (C:\Users\Administrator\.gradle\caches\journal-1)" [_thread_blocked, id=16224, stack(0x0000000019700000,0x0000000019800000)]
  0x00000000177bc000 JavaThread "File lock request listener" [_thread_in_native, id=2228, stack(0x0000000019600000,0x0000000019700000)]
  0x00000000177bd000 JavaThread "Cache worker for file hash cache (C:\Users\Administrator\.gradle\caches\6.7\fileHashes)" [_thread_blocked, id=10936, stack(0x0000000019400000,0x0000000019500000)]
  0x0000000017518800 JavaThread "Thread-9" [_thread_blocked, id=8640, stack(0x0000000019100000,0x0000000019200000)]
  0x000000001716e000 JavaThread "Stdin handler" [_thread_blocked, id=1916, stack(0x0000000019000000,0x0000000019100000)]
  0x000000001716d800 JavaThread "Asynchronous log dispatcher for DefaultDaemonConnection: socket connection from /127.0.0.1:7858 to /127.0.0.1:7859" [_thread_blocked, id=4372, stack(0x0000000018f00000,0x0000000019000000)]
  0x0000000017174000 JavaThread "Daemon worker" [_thread_blocked, id=11852, stack(0x0000000018e00000,0x0000000018f00000)]
  0x0000000017173800 JavaThread "Cancel handler" [_thread_blocked, id=16912, stack(0x0000000018d00000,0x0000000018e00000)]
  0x0000000017143800 JavaThread "Handler for socket connection from /127.0.0.1:7858 to /127.0.0.1:7859" [_thread_in_native, id=16272, stack(0x0000000018c00000,0x0000000018d00000)]
  0x0000000017141000 JavaThread "Daemon" [_thread_blocked, id=11272, stack(0x0000000018b00000,0x0000000018c00000)]
  0x00000000174aa800 JavaThread "Daemon periodic checks" [_thread_blocked, id=13604, stack(0x0000000018800000,0x0000000018900000)]
  0x0000000017496800 JavaThread "Incoming local TCP Connector on port 7858" [_thread_in_native, id=18004, stack(0x0000000018650000,0x0000000018750000)]
  0x0000000017087800 JavaThread "Daemon health stats" [_thread_blocked, id=8316, stack(0x0000000017380000,0x0000000017480000)]
  0x0000000013b4e000 JavaThread "Service Thread" daemon [_thread_blocked, id=4308, stack(0x00000000157b0000,0x00000000158b0000)]
  0x0000000013b4b000 JavaThread "C1 CompilerThread2" daemon [_thread_blocked, id=19404, stack(0x00000000156b0000,0x00000000157b0000)]
  0x0000000013b23000 JavaThread "C2 CompilerThread1" daemon [_thread_in_native, id=1740, stack(0x00000000155b0000,0x00000000156b0000)]
=>0x0000000013b08000 JavaThread "C2 CompilerThread0" daemon [_thread_in_native, id=18464, stack(0x00000000154b0000,0x00000000155b0000)]
  0x0000000013b05800 JavaThread "Attach Listener" daemon [_thread_blocked, id=6740, stack(0x00000000153b0000,0x00000000154b0000)]
  0x0000000013b1b800 JavaThread "Signal Dispatcher" daemon [_thread_blocked, id=2956, stack(0x00000000152b0000,0x00000000153b0000)]
  0x000000000277e000 JavaThread "Finalizer" daemon [_thread_blocked, id=17388, stack(0x0000000014d50000,0x0000000014e50000)]
  0x0000000013ab9000 JavaThread "Reference Handler" daemon [_thread_blocked, id=18216, stack(0x0000000014c50000,0x0000000014d50000)]
  0x0000000002685000 JavaThread "main" [_thread_blocked, id=5616, stack(0x0000000002540000,0x0000000002640000)]

Other Threads:
  0x0000000013ab7000 VMThread [stack: 0x0000000014b50000,0x0000000014c50000] [id=9000]
  0x0000000014f5a800 WatcherThread [stack: 0x00000000158b0000,0x00000000159b0000] [id=13796]

VM state:not at safepoint (normal execution)

VM Mutex/Monitor currently owned by a thread: None

Heap:
 PSYoungGen      total 135168K, used 32401K [0x00000000f5580000, 0x00000000ffa00000, 0x0000000100000000)
  eden space 104960K, 16% used [0x00000000f5580000,0x00000000f66b0470,0x00000000fbc00000)
  from space 30208K, 48% used [0x00000000fdc80000,0x00000000feaf4158,0x00000000ffa00000)
  to   space 31744K, 0% used [0x00000000fbc00000,0x00000000fbc00000,0x00000000fdb00000)
 ParOldGen       total 349696K, used 217106K [0x00000000e0000000, 0x00000000f5580000, 0x00000000f5580000)
  object space 349696K, 62% used [0x00000000e0000000,0x00000000ed404850,0x00000000f5580000)
 Metaspace       used 92839K, capacity 100308K, committed 100480K, reserved 1136640K
  class space    used 12667K, capacity 14112K, committed 14208K, reserved 1048576K

Card table byte_map: [0x0000000011b40000,0x0000000011c50000] byte_map_base: 0x0000000011440000

Marking Bits: (ParMarkBitMap*) 0x000000005e862d00
 Begin Bits: [0x0000000012050000, 0x0000000012850000)
 End Bits:   [0x0000000012850000, 0x0000000013050000)

Polling page: 0x00000000001f0000

CodeCache: size=245760Kb used=62244Kb max_used=62474Kb free=183515Kb
 bounds [0x0000000002780000, 0x0000000006560000, 0x0000000011780000]
 total_blobs=17987 nmethods=17130 adapters=766
 compilation: enabled

Compilation events (10 events):
Event: 44.802 Thread 0x0000000013b4b000 21279       2       com.android.tools.build.apkzlib.zip.Eocd::getDirectorySize (5 bytes)
Event: 44.802 Thread 0x0000000013b4b000 nmethod 21279 0x0000000005ea4790 code [0x0000000005ea48e0, 0x0000000005ea4a30]
Event: 44.802 Thread 0x0000000013b4b000 21280 %     3       sun.nio.cs.UTF_8$Decoder::decodeArrayLoop @ 73 (691 bytes)
Event: 44.806 Thread 0x0000000013b4b000 nmethod 21280% 0x0000000005a90e10 code [0x0000000005a917e0, 0x0000000005a98408]
Event: 44.810 Thread 0x0000000013b4b000 21281       1       com.android.tools.build.apkzlib.zip.StoredEntry::access$000 (5 bytes)
Event: 44.811 Thread 0x0000000013b4b000 nmethod 21281 0x0000000005d6b390 code [0x0000000005d6b4e0, 0x0000000005d6b5d0]
Event: 44.813 Thread 0x0000000013b23000 nmethod 21273 0x0000000005ee5510 code [0x0000000005ee57e0, 0x0000000005ee6840]
Event: 44.813 Thread 0x0000000013b23000 21125       4       com.android.tools.r8.dex.n::m (2044 bytes)
Event: 44.819 Thread 0x0000000013b4b000 21282   !   2       com.android.builder.merge.LazyIncrementalFileMergerInputs::load (202 bytes)
Event: 44.821 Thread 0x0000000013b4b000 nmethod 21282 0x00000000048751d0 code [0x00000000048754c0, 0x00000000048761d8]

GC Heap History (10 events):
Event: 41.232 GC heap before
{Heap before GC invocations=32 (full 4):
 PSYoungGen      total 131584K, used 106438K [0x00000000f5580000, 0x00000000fff80000, 0x0000000100000000)
  eden space 92672K, 100% used [0x00000000f5580000,0x00000000fb000000,0x00000000fb000000)
  from space 38912K, 35% used [0x00000000fb000000,0x00000000fbd71880,0x00000000fd600000)
  to   space 37888K, 0% used [0x00000000fda80000,0x00000000fda80000,0x00000000fff80000)
 ParOldGen       total 349696K, used 187445K [0x00000000e0000000, 0x00000000f5580000, 0x00000000f5580000)
  object space 349696K, 53% used [0x00000000e0000000,0x00000000eb70d778,0x00000000f5580000)
 Metaspace       used 91988K, capacity 99354K, committed 99584K, reserved 1134592K
  class space    used 12585K, capacity 14049K, committed 14080K, reserved 1048576K
Event: 41.259 GC heap after
Heap after GC invocations=32 (full 4):
 PSYoungGen      total 134144K, used 8537K [0x00000000f5580000, 0x00000000ffe00000, 0x0000000100000000)
  eden space 97792K, 0% used [0x00000000f5580000,0x00000000f5580000,0x00000000fb500000)
  from space 36352K, 23% used [0x00000000fda80000,0x00000000fe2d6698,0x00000000ffe00000)
  to   space 37376K, 0% used [0x00000000fb500000,0x00000000fb500000,0x00000000fd980000)
 ParOldGen       total 349696K, used 199760K [0x00000000e0000000, 0x00000000f5580000, 0x00000000f5580000)
  object space 349696K, 57% used [0x00000000e0000000,0x00000000ec314298,0x00000000f5580000)
 Metaspace       used 91988K, capacity 99354K, committed 99584K, reserved 1134592K
  class space    used 12585K, capacity 14049K, committed 14080K, reserved 1048576K
}
Event: 41.813 GC heap before
{Heap before GC invocations=33 (full 4):
 PSYoungGen      total 134144K, used 106329K [0x00000000f5580000, 0x00000000ffe00000, 0x0000000100000000)
  eden space 97792K, 100% used [0x00000000f5580000,0x00000000fb500000,0x00000000fb500000)
  from space 36352K, 23% used [0x00000000fda80000,0x00000000fe2d6698,0x00000000ffe00000)
  to   space 37376K, 0% used [0x00000000fb500000,0x00000000fb500000,0x00000000fd980000)
 ParOldGen       total 349696K, used 199760K [0x00000000e0000000, 0x00000000f5580000, 0x00000000f5580000)
  object space 349696K, 57% used [0x00000000e0000000,0x00000000ec314298,0x00000000f5580000)
 Metaspace       used 92229K, capacity 99556K, committed 99840K, reserved 1134592K
  class space    used 12609K, capacity 14050K, committed 14080K, reserved 1048576K
Event: 41.865 GC heap after
Heap after GC invocations=33 (full 4):
 PSYoungGen      total 135168K, used 7097K [0x00000000f5580000, 0x0000000100000000, 0x0000000100000000)
  eden space 97792K, 0% used [0x00000000f5580000,0x00000000f5580000,0x00000000fb500000)
  from space 37376K, 18% used [0x00000000fb500000,0x00000000fbbee720,0x00000000fd980000)
  to   space 36864K, 0% used [0x00000000fdc00000,0x00000000fdc00000,0x0000000100000000)
 ParOldGen       total 349696K, used 202366K [0x00000000e0000000, 0x00000000f5580000, 0x00000000f5580000)
  object space 349696K, 57% used [0x00000000e0000000,0x00000000ec59f900,0x00000000f5580000)
 Metaspace       used 92229K, capacity 99556K, committed 99840K, reserved 1134592K
  class space    used 12609K, capacity 14050K, committed 14080K, reserved 1048576K
}
Event: 42.494 GC heap before
{Heap before GC invocations=34 (full 4):
 PSYoungGen      total 135168K, used 104889K [0x00000000f5580000, 0x0000000100000000, 0x0000000100000000)
  eden space 97792K, 100% used [0x00000000f5580000,0x00000000fb500000,0x00000000fb500000)
  from space 37376K, 18% used [0x00000000fb500000,0x00000000fbbee720,0x00000000fd980000)
  to   space 36864K, 0% used [0x00000000fdc00000,0x00000000fdc00000,0x0000000100000000)
 ParOldGen       total 349696K, used 202366K [0x00000000e0000000, 0x00000000f5580000, 0x00000000f5580000)
  object space 349696K, 57% used [0x00000000e0000000,0x00000000ec59f900,0x00000000f5580000)
 Metaspace       used 92620K, capacity 100024K, committed 100224K, reserved 1134592K
  class space    used 12651K, capacity 14098K, committed 14208K, reserved 1048576K
Event: 42.514 GC heap after
Heap after GC invocations=34 (full 4):
 PSYoungGen      total 134656K, used 8706K [0x00000000f5580000, 0x00000000ffd80000, 0x0000000100000000)
  eden space 100352K, 0% used [0x00000000f5580000,0x00000000f5580000,0x00000000fb780000)
  from space 34304K, 25% used [0x00000000fdc00000,0x00000000fe480ab8,0x00000000ffd80000)
  to   space 35840K, 0% used [0x00000000fb780000,0x00000000fb780000,0x00000000fda80000)
 ParOldGen       total 349696K, used 206651K [0x00000000e0000000, 0x00000000f5580000, 0x00000000f5580000)
  object space 349696K, 59% used [0x00000000e0000000,0x00000000ec9cefc0,0x00000000f5580000)
 Metaspace       used 92620K, capacity 100024K, committed 100224K, reserved 1134592K
  class space    used 12651K, capacity 14098K, committed 14208K, reserved 1048576K
}
Event: 42.835 GC heap before
{Heap before GC invocations=35 (full 4):
 PSYoungGen      total 134656K, used 109058K [0x00000000f5580000, 0x00000000ffd80000, 0x0000000100000000)
  eden space 100352K, 100% used [0x00000000f5580000,0x00000000fb780000,0x00000000fb780000)
  from space 34304K, 25% used [0x00000000fdc00000,0x00000000fe480ab8,0x00000000ffd80000)
  to   space 35840K, 0% used [0x00000000fb780000,0x00000000fb780000,0x00000000fda80000)
 ParOldGen       total 349696K, used 206651K [0x00000000e0000000, 0x00000000f5580000, 0x00000000f5580000)
  object space 349696K, 59% used [0x00000000e0000000,0x00000000ec9cefc0,0x00000000f5580000)
 Metaspace       used 92679K, capacity 100024K, committed 100224K, reserved 1134592K
  class space    used 12651K, capacity 14098K, committed 14208K, reserved 1048576K
Event: 42.868 GC heap after
Heap after GC invocations=35 (full 4):
 PSYoungGen      total 136192K, used 14328K [0x00000000f5580000, 0x00000000ffd80000, 0x0000000100000000)
  eden space 100352K, 0% used [0x00000000f5580000,0x00000000f5580000,0x00000000fb780000)
  from space 35840K, 39% used [0x00000000fb780000,0x00000000fc57e070,0x00000000fda80000)
  to   space 33792K, 0% used [0x00000000fdc80000,0x00000000fdc80000,0x00000000ffd80000)
 ParOldGen       total 349696K, used 213539K [0x00000000e0000000, 0x00000000f5580000, 0x00000000f5580000)
  object space 349696K, 61% used [0x00000000e0000000,0x00000000ed088f50,0x00000000f5580000)
 Metaspace       used 92679K, capacity 100024K, committed 100224K, reserved 1134592K
  class space    used 12651K, capacity 14098K, committed 14208K, reserved 1048576K
}
Event: 44.416 GC heap before
{Heap before GC invocations=36 (full 4):
 PSYoungGen      total 136192K, used 114680K [0x00000000f5580000, 0x00000000ffd80000, 0x0000000100000000)
  eden space 100352K, 100% used [0x00000000f5580000,0x00000000fb780000,0x00000000fb780000)
  from space 35840K, 39% used [0x00000000fb780000,0x00000000fc57e070,0x00000000fda80000)
  to   space 33792K, 0% used [0x00000000fdc80000,0x00000000fdc80000,0x00000000ffd80000)
 ParOldGen       total 349696K, used 213539K [0x00000000e0000000, 0x00000000f5580000, 0x00000000f5580000)
  object space 349696K, 61% used [0x00000000e0000000,0x00000000ed088f50,0x00000000f5580000)
 Metaspace       used 92817K, capacity 100244K, committed 100480K, reserved 1136640K
  class space    used 12667K, capacity 14112K, committed 14208K, reserved 1048576K
Event: 44.437 GC heap after
Heap after GC invocations=36 (full 4):
 PSYoungGen      total 135168K, used 14800K [0x00000000f5580000, 0x00000000ffa00000, 0x0000000100000000)
  eden space 104960K, 0% used [0x00000000f5580000,0x00000000f5580000,0x00000000fbc00000)
  from space 30208K, 48% used [0x00000000fdc80000,0x00000000feaf4158,0x00000000ffa00000)
  to   space 31744K, 0% used [0x00000000fbc00000,0x00000000fbc00000,0x00000000fdb00000)
 ParOldGen       total 349696K, used 217106K [0x00000000e0000000, 0x00000000f5580000, 0x00000000f5580000)
  object space 349696K, 62% used [0x00000000e0000000,0x00000000ed404850,0x00000000f5580000)
 Metaspace       used 92817K, capacity 100244K, committed 100480K, reserved 1136640K
  class space    used 12667K, capacity 14112K, committed 14208K, reserved 1048576K
}

Deoptimization events (10 events):
Event: 43.749 Thread 0x0000000018226000 Uncommon trap: reason=unstable_if action=reinterpret pc=0x0000000006140680 method=org.gradle.api.internal.artifacts.transform.AttributeMatchingVariantSelector.disambiguateWithSchema(Lorg/gradle/internal/component/model/AttributeMatcher;Ljava/util/List;Lor
Event: 43.749 Thread 0x0000000018226000 Uncommon trap: reason=unstable_if action=reinterpret pc=0x0000000005e4bbdc method=org.gradle.internal.component.model.ComponentAttributeMatcher$CachedQuery.select([ILjava/util/Collection;)Ljava/util/List; @ 79
Event: 43.749 Thread 0x0000000018226000 Uncommon trap: reason=class_check action=maybe_recompile pc=0x00000000055bda48 method=org.gradle.api.internal.artifacts.transform.DefaultTransformationNodeRegistry.getIfExecuted(Lorg/gradle/api/artifacts/component/ComponentArtifactIdentifier;Lorg/gradle/a
Event: 43.749 Thread 0x0000000018226000 Uncommon trap: reason=class_check action=maybe_recompile pc=0x00000000055bda48 method=org.gradle.api.internal.artifacts.transform.DefaultTransformationNodeRegistry.getIfExecuted(Lorg/gradle/api/artifacts/component/ComponentArtifactIdentifier;Lorg/gradle/a
Event: 43.749 Thread 0x0000000018226000 Uncommon trap: reason=class_check action=maybe_recompile pc=0x00000000055bda48 method=org.gradle.api.internal.artifacts.transform.DefaultTransformationNodeRegistry.getIfExecuted(Lorg/gradle/api/artifacts/component/ComponentArtifactIdentifier;Lorg/gradle/a
Event: 43.749 Thread 0x0000000018226000 Uncommon trap: reason=class_check action=maybe_recompile pc=0x00000000055bda48 method=org.gradle.api.internal.artifacts.transform.DefaultTransformationNodeRegistry.getIfExecuted(Lorg/gradle/api/artifacts/component/ComponentArtifactIdentifier;Lorg/gradle/a
Event: 43.749 Thread 0x0000000018226000 Uncommon trap: reason=class_check action=maybe_recompile pc=0x00000000055d9b2c method=org.gradle.api.internal.artifacts.transform.DefaultTransformationNodeRegistry.getIfExecuted(Lorg/gradle/api/artifacts/component/ComponentArtifactIdentifier;Lorg/gradle/a
Event: 43.749 Thread 0x0000000018226000 Uncommon trap: reason=class_check action=maybe_recompile pc=0x00000000055f0d84 method=org.gradle.api.internal.artifacts.transform.DefaultTransformationNodeRegistry.getIfExecuted(Lorg/gradle/api/artifacts/component/ComponentArtifactIdentifier;Lorg/gradle/a
Event: 43.930 Thread 0x000000001a0d4800 Uncommon trap: reason=unstable_if action=reinterpret pc=0x0000000005ea8724 method=com.android.tools.r8.dex.B.a(Lcom/android/tools/r8/graph/i0;)Lcom/android/tools/r8/dex/B; @ 18
Event: 44.207 Thread 0x000000001822a000 Uncommon trap: reason=class_check action=maybe_recompile pc=0x000000000561a00c method=org.gradle.api.internal.artifacts.transform.DefaultTransformerInvocationFactory.createInvocation(Lorg/gradle/api/internal/artifacts/transform/Transformer;Ljava/io/File;L

Classes redefined (0 events):
No events

Internal exceptions (10 events):
Event: 42.954 Thread 0x000000001a0d4800 Exception <a 'sun/nio/fs/WindowsException'> (0x00000000f692b248) thrown at [C:\re\workspace\8-2-build-windows-amd64-cygwin\jdk8u181\11358\hotspot\src\share\vm\prims\jni.cpp, line 709]
Event: 42.954 Thread 0x000000001a0d4800 Exception <a 'sun/nio/fs/WindowsException'> (0x00000000f692c020) thrown at [C:\re\workspace\8-2-build-windows-amd64-cygwin\jdk8u181\11358\hotspot\src\share\vm\prims\jni.cpp, line 709]
Event: 42.958 Thread 0x000000001a0d4800 Exception <a 'sun/nio/fs/WindowsException'> (0x00000000f6974678) thrown at [C:\re\workspace\8-2-build-windows-amd64-cygwin\jdk8u181\11358\hotspot\src\share\vm\prims\jni.cpp, line 709]
Event: 42.961 Thread 0x000000001a0d4800 Exception <a 'sun/nio/fs/WindowsException'> (0x00000000f697a228) thrown at [C:\re\workspace\8-2-build-windows-amd64-cygwin\jdk8u181\11358\hotspot\src\share\vm\prims\jni.cpp, line 709]
Event: 42.965 Thread 0x000000001a0d4800 Exception <a 'sun/nio/fs/WindowsException'> (0x00000000f6a000c8) thrown at [C:\re\workspace\8-2-build-windows-amd64-cygwin\jdk8u181\11358\hotspot\src\share\vm\prims\jni.cpp, line 709]
Event: 42.968 Thread 0x000000001a0d4800 Exception <a 'sun/nio/fs/WindowsException'> (0x00000000f6a06980) thrown at [C:\re\workspace\8-2-build-windows-amd64-cygwin\jdk8u181\11358\hotspot\src\share\vm\prims\jni.cpp, line 709]
Event: 42.972 Thread 0x000000001a0d4800 Exception <a 'sun/nio/fs/WindowsException'> (0x00000000f6a8e808) thrown at [C:\re\workspace\8-2-build-windows-amd64-cygwin\jdk8u181\11358\hotspot\src\share\vm\prims\jni.cpp, line 709]
Event: 42.973 Thread 0x000000001a0d4800 Exception <a 'sun/nio/fs/WindowsException'> (0x00000000f6a96720) thrown at [C:\re\workspace\8-2-build-windows-amd64-cygwin\jdk8u181\11358\hotspot\src\share\vm\prims\jni.cpp, line 709]
Event: 43.786 Thread 0x000000001a0d4800 Exception <a 'sun/nio/fs/WindowsException'> (0x00000000f7f27118) thrown at [C:\re\workspace\8-2-build-windows-amd64-cygwin\jdk8u181\11358\hotspot\src\share\vm\prims\jni.cpp, line 709]
Event: 44.534 Thread 0x000000001a0dc000 Exception <a 'sun/nio/fs/WindowsException'> (0x00000000f5bc6748) thrown at [C:\re\workspace\8-2-build-windows-amd64-cygwin\jdk8u181\11358\hotspot\src\share\vm\prims\jni.cpp, line 709]

Events (10 events):
Event: 44.729 Thread 0x000000001a0d5800 DEOPT PACKING pc=0x0000000005c447e2 sp=0x0000000028abd740
Event: 44.729 Thread 0x000000001a0d5800 DEOPT UNPACKING pc=0x00000000027c7890 sp=0x0000000028abd570 mode 0
Event: 44.732 Thread 0x000000001a0d5800 DEOPT PACKING pc=0x0000000005c447e2 sp=0x0000000028abd740
Event: 44.732 Thread 0x000000001a0d5800 DEOPT UNPACKING pc=0x00000000027c7890 sp=0x0000000028abd570 mode 0
Event: 44.735 Thread 0x000000001a0d5800 DEOPT PACKING pc=0x0000000005c447e2 sp=0x0000000028abd740
Event: 44.735 Thread 0x000000001a0d5800 DEOPT UNPACKING pc=0x00000000027c7890 sp=0x0000000028abd570 mode 0
Event: 44.737 Thread 0x000000001a0d5800 DEOPT PACKING pc=0x0000000005c447e2 sp=0x0000000028abd740
Event: 44.737 Thread 0x000000001a0d5800 DEOPT UNPACKING pc=0x00000000027c7890 sp=0x0000000028abd570 mode 0
Event: 44.762 Thread 0x000000001a0d5800 DEOPT PACKING pc=0x0000000005c447e2 sp=0x0000000028abd3e0
Event: 44.762 Thread 0x000000001a0d5800 DEOPT UNPACKING pc=0x00000000027c7890 sp=0x0000000028abd210 mode 0


Dynamic libraries:
0x00007ff75d030000 - 0x00007ff75d067000 	C:\Program Files\Java\jdk1.8.0_181\bin\java.exe
0x00007ff8cac80000 - 0x00007ff8cae70000 	C:\WINDOWS\SYSTEM32\ntdll.dll
0x00007ff8c97d0000 - 0x00007ff8c9882000 	C:\WINDOWS\System32\KERNEL32.DLL
0x00007ff8c7d60000 - 0x00007ff8c8005000 	C:\WINDOWS\System32\KERNELBASE.dll
0x00007ff8c9890000 - 0x00007ff8c9933000 	C:\WINDOWS\System32\ADVAPI32.dll
0x00007ff8c8e80000 - 0x00007ff8c8f1e000 	C:\WINDOWS\System32\msvcrt.dll
0x00007ff8c8f80000 - 0x00007ff8c9017000 	C:\WINDOWS\System32\sechost.dll
0x00007ff8ca1f0000 - 0x00007ff8ca30f000 	C:\WINDOWS\System32\RPCRT4.dll
0x00007ff8c99f0000 - 0x00007ff8c9b84000 	C:\WINDOWS\System32\USER32.dll
0x00007ff8c8010000 - 0x00007ff8c8031000 	C:\WINDOWS\System32\win32u.dll
0x00007ff8c9020000 - 0x00007ff8c9046000 	C:\WINDOWS\System32\GDI32.dll
0x00007ff8c8410000 - 0x00007ff8c85a8000 	C:\WINDOWS\System32\gdi32full.dll
0x00007ff8c81f0000 - 0x00007ff8c828e000 	C:\WINDOWS\System32\msvcp_win.dll
0x00007ff8c8040000 - 0x00007ff8c813a000 	C:\WINDOWS\System32\ucrtbase.dll
0x00007ff8b4410000 - 0x00007ff8b4694000 	C:\WINDOWS\WinSxS\amd64_microsoft.windows.common-controls_6595b64144ccf1df_6.0.18362.1440_none_9e7dbfb9e45e8e67\COMCTL32.dll
0x00007ff8c9eb0000 - 0x00007ff8ca1e6000 	C:\WINDOWS\System32\combase.dll
0x00007ff8c7ca0000 - 0x00007ff8c7d21000 	C:\WINDOWS\System32\bcryptPrimitives.dll
0x00007ff8caa60000 - 0x00007ff8caa8e000 	C:\WINDOWS\System32\IMM32.DLL
0x000000005e8f0000 - 0x000000005e9c2000 	C:\Program Files\Java\jdk1.8.0_181\jre\bin\msvcr100.dll
0x000000005e040000 - 0x000000005e8e2000 	C:\Program Files\Java\jdk1.8.0_181\jre\bin\server\jvm.dll
0x00007ff8ca510000 - 0x00007ff8ca518000 	C:\WINDOWS\System32\PSAPI.DLL
0x00007ff8ab430000 - 0x00007ff8ab439000 	C:\WINDOWS\SYSTEM32\WSOCK32.dll
0x00007ff8c2490000 - 0x00007ff8c249a000 	C:\WINDOWS\SYSTEM32\VERSION.dll
0x00007ff8c5840000 - 0x00007ff8c5864000 	C:\WINDOWS\SYSTEM32\WINMM.dll
0x00007ff8c9e40000 - 0x00007ff8c9eaf000 	C:\WINDOWS\System32\WS2_32.dll
0x00007ff8c57f0000 - 0x00007ff8c581d000 	C:\WINDOWS\SYSTEM32\winmmbase.dll
0x00007ff8c81a0000 - 0x00007ff8c81ea000 	C:\WINDOWS\System32\cfgmgr32.dll
0x000000005e030000 - 0x000000005e03f000 	C:\Program Files\Java\jdk1.8.0_181\jre\bin\verify.dll
0x000000005e000000 - 0x000000005e029000 	C:\Program Files\Java\jdk1.8.0_181\jre\bin\java.dll
0x000000005dfe0000 - 0x000000005dff6000 	C:\Program Files\Java\jdk1.8.0_181\jre\bin\zip.dll
0x00007ff8c9070000 - 0x00007ff8c9758000 	C:\WINDOWS\System32\SHELL32.dll
0x00007ff8ca390000 - 0x00007ff8ca437000 	C:\WINDOWS\System32\shcore.dll
0x00007ff8c85b0000 - 0x00007ff8c8d2b000 	C:\WINDOWS\System32\windows.storage.dll
0x00007ff8c7bb0000 - 0x00007ff8c7bce000 	C:\WINDOWS\System32\profapi.dll
0x00007ff8c7b60000 - 0x00007ff8c7baa000 	C:\WINDOWS\System32\powrprof.dll
0x00007ff8c7b30000 - 0x00007ff8c7b40000 	C:\WINDOWS\System32\UMPDC.dll
0x00007ff8c9de0000 - 0x00007ff8c9e32000 	C:\WINDOWS\System32\shlwapi.dll
0x00007ff8c7bd0000 - 0x00007ff8c7be1000 	C:\WINDOWS\System32\kernel.appcore.dll
0x00007ff8c8290000 - 0x00007ff8c82a7000 	C:\WINDOWS\System32\cryptsp.dll
0x000000005dfc0000 - 0x000000005dfda000 	C:\Program Files\Java\jdk1.8.0_181\jre\bin\net.dll
0x00007ff8c7370000 - 0x00007ff8c73d7000 	C:\WINDOWS\system32\mswsock.dll
0x000000005dfa0000 - 0x000000005dfb1000 	C:\Program Files\Java\jdk1.8.0_181\jre\bin\nio.dll
0x00007ff8b8000000 - 0x00007ff8b8026000 	C:\Users\Administrator\.gradle\native\fdc75f09e3144964f2cf3f50f0aa648679c211496f362492102eb8c894070792\windows-amd64\native-platform.dll
0x00007ff8b2100000 - 0x00007ff8b2291000 	C:\Users\Administrator\.gradle\native\12488b8bf47d2d4c9fbf2f6322a914ad602e24e48041cd04a747c6da556b65c4\windows-amd64\native-platform-file-events.dll
0x000000005df90000 - 0x000000005df9d000 	C:\Program Files\Java\jdk1.8.0_181\jre\bin\management.dll
0x00007ff8c6ef0000 - 0x00007ff8c6f23000 	C:\WINDOWS\system32\rsaenh.dll
0x00007ff8c7d30000 - 0x00007ff8c7d56000 	C:\WINDOWS\System32\bcrypt.dll
0x00007ff8c7a10000 - 0x00007ff8c7a35000 	C:\WINDOWS\SYSTEM32\USERENV.dll
0x00007ff8c7540000 - 0x00007ff8c754c000 	C:\WINDOWS\SYSTEM32\CRYPTBASE.dll
0x00007ff8c7080000 - 0x00007ff8c70ba000 	C:\WINDOWS\SYSTEM32\IPHLPAPI.DLL
0x00007ff8c8e70000 - 0x00007ff8c8e78000 	C:\WINDOWS\System32\NSI.dll
0x00007ff8bf0e0000 - 0x00007ff8bf0f6000 	C:\WINDOWS\SYSTEM32\dhcpcsvc6.DLL
0x00007ff8bf980000 - 0x00007ff8bf99c000 	C:\WINDOWS\SYSTEM32\dhcpcsvc.DLL
0x00007ff8c70c0000 - 0x00007ff8c718b000 	C:\WINDOWS\SYSTEM32\DNSAPI.dll
0x00007ff8c03b0000 - 0x00007ff8c03bb000 	C:\WINDOWS\SYSTEM32\WINNSI.DLL

VM Arguments:
jvm_args: -XX:MaxMetaspaceSize=256m -XX:+HeapDumpOnOutOfMemoryError -Xms256m -Xmx512m -Dfile.encoding=GBK -Duser.country=CN -Duser.language=zh -Duser.variant 
java_command: org.gradle.launcher.daemon.bootstrap.GradleDaemon 6.7
java_class_path (initial): C:\Users\Administrator\.gradle\wrapper\dists\gradle-6.7-all\cuy9mc7upwgwgeb72wkcrupxe\gradle-6.7\lib\gradle-launcher-6.7.jar
Launcher Type: SUN_STANDARD

Environment Variables:
CLASSPATH=D:\ReactNative\jymapp\android\\gradle\wrapper\gradle-wrapper.jar
USERNAME=Administrator
OS=Windows_NT
PROCESSOR_IDENTIFIER=Intel64 Family 6 Model 158 Stepping 11, GenuineIntel



---------------  S Y S T E M  ---------------

OS: Windows 10.0 , 64 bit Build 18362 (10.0.18362.1350)

CPU:total 4 (initial active 4) (4 cores per cpu, 1 threads per core) family 6 model 158 stepping 11, cmov, cx8, fxsr, mmx, sse, sse2, sse3, ssse3, sse4.1, sse4.2, popcnt, avx, avx2, aes, clmul, erms, 3dnowpref, lzcnt, tsc, tscinvbit, bmi1, bmi2, adx

Memory: 4k page, physical 16654844k(1959112k free), swap 24344544k(6696k free)

vm_info: Java HotSpot(TM) 64-Bit Server VM (25.181-b13) for windows-amd64 JRE (1.8.0_181-b13), built on Jul  7 2018 04:01:33 by "java_re" with MS VC++ 10.0 (VS2010)

time: Sat Apr 03 12:44:34 2021
elapsed time: 44 seconds (0d 0h 0m 44s)

